<?xml version="1.0" encoding="UTF-8"?>
<testng-results ignored="6" total="17" passed="11" failed="0" skipped="0">
  <reporter-output>
  </reporter-output>
  <suite started-at="2024-07-03T10:14:31 IST" name="Suite" finished-at="2024-07-03T10:14:46 IST" duration-ms="14718">
    <groups>
    </groups>
    <test started-at="2024-07-03T10:14:31 IST" name="Test" finished-at="2024-07-03T10:14:46 IST" duration-ms="14718">
      <class name="com.testcases.Dashboard">
        <test-method signature="to_Validate_Dashboard()[pri:0, instance:com.testcases.Dashboard@8458f04]" started-at="2024-07-03T10:14:36 IST" name="to_Validate_Dashboard" finished-at="2024-07-03T10:14:38 IST" duration-ms="1183" status="PASS">
          <reporter-output>
          </reporter-output>
        </test-method> <!-- to_Validate_Dashboard -->
        <test-method is-config="true" signature="getdrivers()[pri:0, instance:com.testcases.Dashboard@8458f04]" started-at="2024-07-03T10:14:36 IST" name="getdrivers" finished-at="2024-07-03T10:14:36 IST" duration-ms="0" status="PASS">
          <reporter-output>
          </reporter-output>
        </test-method> <!-- getdrivers -->
        <test-method signature="to_Validate_Dashboard_UserCount()[pri:0, instance:com.testcases.Dashboard@8458f04]" started-at="2024-07-03T10:14:38 IST" name="to_Validate_Dashboard_UserCount" finished-at="2024-07-03T10:14:39 IST" duration-ms="1546" status="PASS">
          <reporter-output>
          </reporter-output>
        </test-method> <!-- to_Validate_Dashboard_UserCount -->
        <test-method is-config="true" signature="getdrivers()[pri:0, instance:com.testcases.Dashboard@8458f04]" started-at="2024-07-03T10:14:38 IST" name="getdrivers" finished-at="2024-07-03T10:14:38 IST" duration-ms="0" status="PASS">
          <reporter-output>
          </reporter-output>
        </test-method> <!-- getdrivers -->
      </class> <!-- com.testcases.Dashboard -->
      <class name="com.testcases.Reports">
        <test-method signature="to_Validate_Reports()[pri:0, instance:com.testcases.Reports@48075da3]" started-at="2024-07-03T10:14:39 IST" name="to_Validate_Reports" finished-at="2024-07-03T10:14:40 IST" duration-ms="502" status="PASS">
          <reporter-output>
          </reporter-output>
        </test-method> <!-- to_Validate_Reports -->
        <test-method is-config="true" signature="getdrivers()[pri:0, instance:com.testcases.Reports@48075da3]" started-at="2024-07-03T10:14:39 IST" name="getdrivers" finished-at="2024-07-03T10:14:39 IST" duration-ms="0" status="PASS">
          <reporter-output>
          </reporter-output>
        </test-method> <!-- getdrivers -->
        <test-method signature="to_Validate_User_Reports()[pri:1, instance:com.testcases.Reports@48075da3]" started-at="2024-07-03T10:14:40 IST" name="to_Validate_User_Reports" finished-at="2024-07-03T10:14:41 IST" duration-ms="1769" status="PASS">
          <reporter-output>
          </reporter-output>
        </test-method> <!-- to_Validate_User_Reports -->
        <test-method is-config="true" signature="getdrivers()[pri:0, instance:com.testcases.Reports@48075da3]" started-at="2024-07-03T10:14:40 IST" name="getdrivers" finished-at="2024-07-03T10:14:40 IST" duration-ms="0" status="PASS">
          <reporter-output>
          </reporter-output>
        </test-method> <!-- getdrivers -->
        <test-method signature="to_Validate_Sales_Reports()[pri:2, instance:com.testcases.Reports@48075da3]" started-at="2024-07-03T10:14:41 IST" name="to_Validate_Sales_Reports" finished-at="2024-07-03T10:14:43 IST" duration-ms="1304" status="PASS">
          <reporter-output>
          </reporter-output>
        </test-method> <!-- to_Validate_Sales_Reports -->
        <test-method is-config="true" signature="getdrivers()[pri:0, instance:com.testcases.Reports@48075da3]" started-at="2024-07-03T10:14:41 IST" name="getdrivers" finished-at="2024-07-03T10:14:41 IST" duration-ms="0" status="PASS">
          <reporter-output>
          </reporter-output>
        </test-method> <!-- getdrivers -->
      </class> <!-- com.testcases.Reports -->
      <class name="com.testcases.Admin_Interface">
        <test-method is-config="true" signature="launchbrowser()[pri:0, instance:com.testcases.Admin_Interface@3ba987b8]" started-at="2024-07-03T10:14:23 IST" name="launchbrowser" finished-at="2024-07-03T10:14:31 IST" duration-ms="8540" status="PASS">
          <reporter-output>
          </reporter-output>
        </test-method> <!-- launchbrowser -->
        <test-method signature="to_Validate_Admin_Interface()[pri:0, instance:com.testcases.Admin_Interface@3ba987b8]" started-at="2024-07-03T10:14:31 IST" name="to_Validate_Admin_Interface" finished-at="2024-07-03T10:14:33 IST" duration-ms="1938" status="PASS">
          <reporter-output>
          </reporter-output>
        </test-method> <!-- to_Validate_Admin_Interface -->
        <test-method is-config="true" signature="getdrivers()[pri:0, instance:com.testcases.Admin_Interface@3ba987b8]" started-at="2024-07-03T10:14:31 IST" name="getdrivers" finished-at="2024-07-03T10:14:31 IST" duration-ms="0" status="PASS">
          <reporter-output>
          </reporter-output>
        </test-method> <!-- getdrivers -->
        <test-method signature="to_Validate_Admin_Interface_SalesDetails()[pri:0, instance:com.testcases.Admin_Interface@3ba987b8]" started-at="2024-07-03T10:14:33 IST" name="to_Validate_Admin_Interface_SalesDetails" finished-at="2024-07-03T10:14:35 IST" duration-ms="1258" status="PASS">
          <reporter-output>
          </reporter-output>
        </test-method> <!-- to_Validate_Admin_Interface_SalesDetails -->
        <test-method is-config="true" signature="getdrivers()[pri:0, instance:com.testcases.Admin_Interface@3ba987b8]" started-at="2024-07-03T10:14:33 IST" name="getdrivers" finished-at="2024-07-03T10:14:33 IST" duration-ms="0" status="PASS">
          <reporter-output>
          </reporter-output>
        </test-method> <!-- getdrivers -->
        <test-method is-config="true" signature="getdrivers()[pri:0, instance:com.testcases.Admin_Interface@3ba987b8]" started-at="2024-07-03T10:14:35 IST" name="getdrivers" finished-at="2024-07-03T10:14:35 IST" duration-ms="0" status="PASS">
          <reporter-output>
          </reporter-output>
        </test-method> <!-- getdrivers -->
        <test-method signature="to_Validate_Admin_Interface_UserDetails()[pri:0, instance:com.testcases.Admin_Interface@3ba987b8]" started-at="2024-07-03T10:14:35 IST" name="to_Validate_Admin_Interface_UserDetails" finished-at="2024-07-03T10:14:36 IST" duration-ms="1692" status="PASS">
          <reporter-output>
          </reporter-output>
        </test-method> <!-- to_Validate_Admin_Interface_UserDetails -->
        <test-method is-config="true" signature="teardown()[pri:0, instance:com.testcases.Admin_Interface@3ba987b8]" started-at="2024-07-03T10:14:46 IST" name="teardown" finished-at="2024-07-03T10:14:47 IST" duration-ms="358" status="FAIL">
          <exception class="org.openqa.selenium.WebDriverException">
            <message>
              <![CDATA[Timed out waiting for driver server to stop.
Build info: version: '4.11.0', revision: '040bc5406b'
System info: os.name: 'Windows 11', os.arch: 'amd64', os.version: '10.0', java.version: '11.0.23'
Driver info: org.openqa.selenium.chrome.ChromeDriver
Command: [dcac3e01530fdada30c586d9dca57266, quit {}]
Capabilities {acceptInsecureCerts: false, browserName: chrome, browserVersion: 126.0.6478.127, chrome: {chromedriverVersion: 126.0.6478.126 (d36ace6122e..., userDataDir: C:\Users\sathe\AppData\Loca...}, fedcm:accounts: true, goog:chromeOptions: {debuggerAddress: localhost:50731}, networkConnectionEnabled: false, pageLoadStrategy: normal, platformName: windows, proxy: Proxy(), se:cdp: ws://localhost:50731/devtoo..., se:cdpVersion: 126.0.6478.127, setWindowRect: true, strictFileInteractability: false, timeouts: {implicit: 0, pageLoad: 300000, script: 30000}, unhandledPromptBehavior: dismiss and notify, webauthn:extension:credBlob: true, webauthn:extension:largeBlob: true, webauthn:extension:minPinLength: true, webauthn:extension:prf: true, webauthn:virtualAuthenticators: true}
Session ID: dcac3e01530fdada30c586d9dca57266]]>
            </message>
            <full-stacktrace>
              <![CDATA[org.openqa.selenium.WebDriverException: Timed out waiting for driver server to stop.
Build info: version: '4.11.0', revision: '040bc5406b'
System info: os.name: 'Windows 11', os.arch: 'amd64', os.version: '10.0', java.version: '11.0.23'
Driver info: org.openqa.selenium.chrome.ChromeDriver
Command: [dcac3e01530fdada30c586d9dca57266, quit {}]
Capabilities {acceptInsecureCerts: false, browserName: chrome, browserVersion: 126.0.6478.127, chrome: {chromedriverVersion: 126.0.6478.126 (d36ace6122e..., userDataDir: C:\Users\sathe\AppData\Loca...}, fedcm:accounts: true, goog:chromeOptions: {debuggerAddress: localhost:50731}, networkConnectionEnabled: false, pageLoadStrategy: normal, platformName: windows, proxy: Proxy(), se:cdp: ws://localhost:50731/devtoo..., se:cdpVersion: 126.0.6478.127, setWindowRect: true, strictFileInteractability: false, timeouts: {implicit: 0, pageLoad: 300000, script: 30000}, unhandledPromptBehavior: dismiss and notify, webauthn:extension:credBlob: true, webauthn:extension:largeBlob: true, webauthn:extension:minPinLength: true, webauthn:extension:prf: true, webauthn:virtualAuthenticators: true}
Session ID: dcac3e01530fdada30c586d9dca57266
at org.openqa.selenium.remote.service.DriverCommandExecutor.execute(DriverCommandExecutor.java:161)
at org.openqa.selenium.remote.RemoteWebDriver.execute(RemoteWebDriver.java:518)
at org.openqa.selenium.remote.RemoteWebDriver.execute(RemoteWebDriver.java:591)
at org.openqa.selenium.remote.RemoteWebDriver.execute(RemoteWebDriver.java:595)
at org.openqa.selenium.remote.RemoteWebDriver.quit(RemoteWebDriver.java:433)
at org.openqa.selenium.chromium.ChromiumDriver.quit(ChromiumDriver.java:351)
at Config.Base.teardown(Base.java:65)
at java.base/jdk.internal.reflect.NativeMethodAccessorImpl.invoke0(Native Method)
at java.base/jdk.internal.reflect.NativeMethodAccessorImpl.invoke(NativeMethodAccessorImpl.java:62)
at java.base/jdk.internal.reflect.DelegatingMethodAccessorImpl.invoke(DelegatingMethodAccessorImpl.java:43)
at java.base/java.lang.reflect.Method.invoke(Method.java:566)
at org.testng.internal.invokers.MethodInvocationHelper.invokeMethod(MethodInvocationHelper.java:139)
at org.testng.internal.invokers.MethodInvocationHelper.invokeMethodConsideringTimeout(MethodInvocationHelper.java:69)
at org.testng.internal.invokers.ConfigInvoker.invokeConfigurationMethod(ConfigInvoker.java:361)
at org.testng.internal.invokers.ConfigInvoker.invokeConfigurations(ConfigInvoker.java:296)
at org.testng.SuiteRunner.privateRun(SuiteRunner.java:404)
at org.testng.SuiteRunner.run(SuiteRunner.java:330)
at org.testng.SuiteRunnerWorker.runSuite(SuiteRunnerWorker.java:52)
at org.testng.SuiteRunnerWorker.run(SuiteRunnerWorker.java:95)
at org.testng.TestNG.runSuitesSequentially(TestNG.java:1256)
at org.testng.TestNG.runSuitesLocally(TestNG.java:1176)
at org.testng.TestNG.runSuites(TestNG.java:1099)
at org.testng.TestNG.run(TestNG.java:1067)
at org.apache.maven.surefire.testng.TestNGExecutor.run(TestNGExecutor.java:284)
at org.apache.maven.surefire.testng.TestNGXmlTestSuite.execute(TestNGXmlTestSuite.java:75)
at org.apache.maven.surefire.testng.TestNGProvider.invoke(TestNGProvider.java:119)
at org.apache.maven.surefire.booter.ForkedBooter.runSuitesInProcess(ForkedBooter.java:428)
at org.apache.maven.surefire.booter.ForkedBooter.execute(ForkedBooter.java:162)
at org.apache.maven.surefire.booter.ForkedBooter.run(ForkedBooter.java:562)
at org.apache.maven.surefire.booter.ForkedBooter.main(ForkedBooter.java:548)
Caused by: java.util.concurrent.ExecutionException: java.io.UncheckedIOException: java.io.IOException: An existing connection was forcibly closed by the remote host
at java.base/java.util.concurrent.CompletableFuture.reportGet(CompletableFuture.java:395)
at java.base/java.util.concurrent.CompletableFuture.get(CompletableFuture.java:2028)
at org.openqa.selenium.remote.service.DriverCommandExecutor.execute(DriverCommandExecutor.java:157)
... 29 more
Caused by: java.io.UncheckedIOException: java.io.IOException: An existing connection was forcibly closed by the remote host
at org.openqa.selenium.remote.http.netty.NettyHttpHandler.makeCall(NettyHttpHandler.java:73)
at org.openqa.selenium.remote.http.AddSeleniumUserAgent.lambda$apply$0(AddSeleniumUserAgent.java:42)
at org.openqa.selenium.remote.http.Filter.lambda$andFinally$1(Filter.java:55)
at org.openqa.selenium.remote.http.netty.NettyHttpHandler.execute(NettyHttpHandler.java:48)
at org.openqa.selenium.remote.http.netty.NettyClient.execute(NettyClient.java:96)
at org.openqa.selenium.remote.HttpCommandExecutor.execute(HttpCommandExecutor.java:188)
at org.openqa.selenium.remote.service.DriverCommandExecutor.invokeExecute(DriverCommandExecutor.java:196)
at org.openqa.selenium.remote.service.DriverCommandExecutor.lambda$execute$1(DriverCommandExecutor.java:128)
at java.base/java.util.concurrent.CompletableFuture$AsyncSupply.run(CompletableFuture.java:1700)
at java.base/java.util.concurrent.ThreadPoolExecutor.runWorker(ThreadPoolExecutor.java:1128)
at java.base/java.util.concurrent.ThreadPoolExecutor$Worker.run(ThreadPoolExecutor.java:628)
at java.base/java.lang.Thread.run(Thread.java:829)
Caused by: java.io.IOException: An existing connection was forcibly closed by the remote host
at java.base/sun.nio.ch.SocketDispatcher.read0(Native Method)
at java.base/sun.nio.ch.SocketDispatcher.read(SocketDispatcher.java:43)
at java.base/sun.nio.ch.IOUtil.readIntoNativeBuffer(IOUtil.java:276)
at java.base/sun.nio.ch.IOUtil.read(IOUtil.java:233)
at java.base/sun.nio.ch.IOUtil.read(IOUtil.java:223)
at java.base/sun.nio.ch.SocketChannelImpl.read(SocketChannelImpl.java:356)
at io.netty.buffer.PooledByteBuf.setBytes(PooledByteBuf.java:256)
at io.netty.buffer.AbstractByteBuf.writeBytes(AbstractByteBuf.java:1132)
at io.netty.channel.socket.nio.NioSocketChannel.doReadBytes(NioSocketChannel.java:357)
at io.netty.channel.nio.AbstractNioByteChannel$NioByteUnsafe.read(AbstractNioByteChannel.java:151)
at io.netty.channel.nio.NioEventLoop.processSelectedKey(NioEventLoop.java:788)
at io.netty.channel.nio.NioEventLoop.processSelectedKeysOptimized(NioEventLoop.java:724)
at io.netty.channel.nio.NioEventLoop.processSelectedKeys(NioEventLoop.java:650)
at io.netty.channel.nio.NioEventLoop.run(NioEventLoop.java:562)
at io.netty.util.concurrent.SingleThreadEventExecutor$4.run(SingleThreadEventExecutor.java:997)
at io.netty.util.internal.ThreadExecutorMap$2.run(ThreadExecutorMap.java:74)
at io.netty.util.concurrent.FastThreadLocalRunnable.run(FastThreadLocalRunnable.java:30)
... 1 more
]]>
            </full-stacktrace>
          </exception> <!-- org.openqa.selenium.WebDriverException -->
          <reporter-output>
          </reporter-output>
        </test-method> <!-- teardown -->
      </class> <!-- com.testcases.Admin_Interface -->
      <class name="com.testcases.User_Interface">
        <test-method signature="to_Validate_User_Interface()[pri:0, instance:com.testcases.User_Interface@68c9133c]" started-at="2024-07-03T10:14:43 IST" name="to_Validate_User_Interface" finished-at="2024-07-03T10:14:44 IST" duration-ms="1035" status="PASS">
          <reporter-output>
          </reporter-output>
        </test-method> <!-- to_Validate_User_Interface -->
        <test-method is-config="true" signature="getdrivers()[pri:0, instance:com.testcases.User_Interface@68c9133c]" started-at="2024-07-03T10:14:43 IST" name="getdrivers" finished-at="2024-07-03T10:14:43 IST" duration-ms="0" status="PASS">
          <reporter-output>
          </reporter-output>
        </test-method> <!-- getdrivers -->
        <test-method signature="to_Validate_Login()[pri:1, instance:com.testcases.User_Interface@68c9133c]" started-at="2024-07-03T10:14:44 IST" name="to_Validate_Login" finished-at="2024-07-03T10:14:45 IST" duration-ms="1062" status="PASS">
          <reporter-output>
          </reporter-output>
        </test-method> <!-- to_Validate_Login -->
        <test-method is-config="true" signature="getdrivers()[pri:0, instance:com.testcases.User_Interface@68c9133c]" started-at="2024-07-03T10:14:44 IST" name="getdrivers" finished-at="2024-07-03T10:14:44 IST" duration-ms="0" status="PASS">
          <reporter-output>
          </reporter-output>
        </test-method> <!-- getdrivers -->
        <test-method signature="to_Validate_Logout()[pri:2, instance:com.testcases.User_Interface@68c9133c]" started-at="2024-07-03T10:14:45 IST" name="to_Validate_Logout" finished-at="2024-07-03T10:14:46 IST" duration-ms="1381" status="PASS">
          <reporter-output>
          </reporter-output>
        </test-method> <!-- to_Validate_Logout -->
        <test-method is-config="true" signature="getdrivers()[pri:0, instance:com.testcases.User_Interface@68c9133c]" started-at="2024-07-03T10:14:45 IST" name="getdrivers" finished-at="2024-07-03T10:14:45 IST" duration-ms="0" status="PASS">
          <reporter-output>
          </reporter-output>
        </test-method> <!-- getdrivers -->
      </class> <!-- com.testcases.User_Interface -->
    </test> <!-- Test -->
  </suite> <!-- Suite -->
</testng-results>
